<a href='https://github.com/elecV2/elecV2P' target='_blank'>elecV2P</a> 重要更新日志: (最新版本 v3.4.3)

v3.4.3  2021.07.25
 • EFSS 右键增加 pm2 运行选项（测试初版）
 • JS 默认环境变量增加 $cache（详见: <a href='https://github.com/elecV2/elecV2P-dei/blob/master/docs/04-JS.md' target='_blank'>04-JS.md</a> 相关部分）

v3.4.2  2021.07.10
 • EFSS 增加 favend <a href='https://github.com/elecV2/elecV2P-dei/blob/master/docs/08-logger&efss.md' target='_blank'>具体说明</a>
 • TASK 批量删除/添加/暂停/开始
 • logs 支持多级目录
 • JS 列表只返回 .js 结尾文件

v3.4.1  2021.06.28
 • node 指令默认 cwd 修改为 script/JSFile
 • 优化 shell 指令中 -env/-timeout 的处理
 • 添加默认 JS: process.env.js/moduleCheck.js

v3.4.0  2021.06.19
 • 增加显示脚本内网络请求 url 的选项
 • eAxios 网络请求增加黑/白名单模式
 • 脚本内网络请求可设置不使用代理
 • @grant 增加 nodejs 兼容模式
 • <a href='https://github.com/elecV2/elecV2P-dei/tree/master/docs/09-webhook.md' target='_blank'>webhook</a> download 支持设置目录及文件名
 • EFSS 右键显示文件地址及目录支持 $temp
 • 单个 cookie 导出/导入
 • 取消 TASK 转圈动画及移动端显示优化

v3.3.9  (无)

v3.3.8  2021.05.23
 • REWRITE list JSON 化完成
 • REWRITE 规则/订阅功能优化（详见说明文档: <a href='https://github.com/elecV2/elecV2P-dei/tree/master/docs/05-rewrite.md' target='_blank'> 05-rewrite.md </a>）
 • TASK/REWRITE 订阅支持 efss 目录

v3.3.7
 • MITM host list JSON 化

v3.3.6
 • 首页增加显示服务器相关信息
 • 定时任务添加订阅 bug fix
 • 修复部分脚本运行错误的问题(可能)

v3.3.5
 • ANYPROXY 调整为默认关闭(在 webUI 首页双击 ANYPROXY 可临时开启，在 webUI->SETTING->初始化相关设置 中可选择启动时自动开启)
 • ANYPROXY 循环调用问题修复
 • 增加默认通知开关

v3.3.4
 • store/cookie 管理添加关联脚本及备注
 • 定时任务支持本地订阅直接导入

v3.3.3
 • TASK/EFSS null type error bug fix
 • webhook 添加 type store

v3.3.2
 • EFSS 可设置跳过读取部分文件夹/文件
 • webUI->MITM 显示当前正在使用的根证书

v3.3.1
 • 修复 task 带参数保存的问题
 • task 运行 JS 支持使用 -rename 参数重命名文件
 • rule 运行 JS 错误返回结果显示

v3.3.0
 • ANYPROXY 快速打开/关闭
 • 启动时自动检测更新及设置
 • TASK 远程 JS 更新及快速测试运行
 • eaxios 网络代理问题修复
 • 本地 JS 支持多级目录

v3.2.9
 • 增加通知触发 JS 的功能
 • 初始 webhook token 更改为随机 uuid
 • logs 支持二级目录

v3.2.8
 • shell 指令支持执行远程文件。具体说明查看<a href='https://github.com/elecV2/elecV2P-dei/blob/master/docs/06-task.md' target='_blank'> 06-task.md </a>相关部分
 • TASK shell 远程指令测试: python3 https://raw.githubusercontent.com/elecV2/elecV2P/master/script/Shell/test.py
 • script/Shell 文件夹默认新增<a href='https://github.com/elecV2/elecV2P/blob/master/script/Shell/elecV2P.py' target='_blank'> elecV2P.py </a>PYTHON 库文件
 • 通知 title 开头使用 $enable$ 关键字强制发送通知。详见:<a href='https://github.com/elecV2/elecV2P-dei/blob/master/docs/07-feed&notify.md' target='_blank'> 07-feed$notify.md </a>相关部分

v3.2.6
 • $exec 增加延迟交互输入。具体说明查看<a href='https://github.com/elecV2/elecV2P-dei/blob/master/docs/04-JS.md' target='_blank'> 04-JS.md </a>相关部分
 • webhook 增加服务器<a href='/webhook?token=a8c259b2-67fe-4c64-8700-7bfdf1f55cb3&type=info&debug=true' target='_blank'> 信息查看接口</a>

v3.2.4
 • $evui 增加支持插入 script
 • EFSS 目录支持使用 $HOME/~ 变量
 • 限制单个 store 最大储存数据量为 2m

v3.2.3
 • RUNJS 执行逻辑优化，移除 $result 参数，增强 $done 函数功能
 • // @grant 日志及通知控制优化。具体说明查看<a href='https://github.com/elecV2/elecV2P-dei/blob/master/docs/04-JS.md' target='_blank'> 04-JS.md </a> 相关部分
 • webUI 优化，移除设置中 保存所有 的按钮，每次保存都会储存当前设置

v3.2.1
 • 添加定时任务订阅功能
 • 相关说明：https://github.com/elecV2/elecV2P-dei/blob/master/docs/06-task.md
 • 测试订阅：https://raw.githubusercontent.com/elecV2/elecV2P/master/efss/tasksub.json

v3.2.0
 • EFSS 文件管理模块优化
 • <a href='https://raw.githubusercontent.com/elecV2/elecV2P/master/script/JSFile/softupdate.js' target='_blank'>softupdate.js</a> bug fix
 • Nodejs 运行环境下默认 start 更改为 pm2 的方式启动

v3.1.8
 • Docker 环境下默认以 pm2 的方式启动 node
 • 添加默认脚本 <a href='https://raw.githubusercontent.com/elecV2/elecV2P/master/script/JSFile/softupdate.js' target='_blank'>softupdate.js</a> , 用于软更新升级

v3.1.7
 • 增加通知主体内容最大长度的设置选项
 • 增加在前端网页显示通知的选项

v3.1.6
 • 当通知主体内容长度超过 1200 时，自动分段发送

v3.1.5
 • 优化 TASK 列表保存逻辑

v3.1.3
 • 优化通过 token 访问 webUI，用于绕过 IP 屏蔽
 • 访问方式：http://xxx:80/?token=webhook token(在 SETTING 界面获取)

v3.0.9
 • 增加自定义通知方式。（同时删除了默认的 SERVER 酱通知）

v3.0.8
 • 通过脚本生成 UI 界面初版完成
 • 测试脚本：<a href='https://raw.githubusercontent.com/elecV2/elecV2P-dei/master/examples/JSTEST/evui-dou.js' target='_blank'>evui-dou.js</a>

v3.0.3
 • 测试通过脚本生成 UI 界面的功能（$evui）
 • 点击 VERSION 可查看更新日志

v3.0.2
 • 增加初始化启动时执行特定脚本的功能

v3.0.0
 • 增加 JS 脚本 console 函数对 %s/%f/%d 等参数的支持
 • 增加 console.clear() 函数，用于删除当前脚本的日志

v2.9.9
 • 脚本 @grant 增加 quiet/silent 功能，用于屏蔽日志输出和通知
 • schedule countdown bug fix

v2.9.8
 • 修复部分情况无法退出的问题
 • 修复 webUI 表格部分单元格显示问题

v2.9.7
 • log 日志 html 标签转义
 • webhook status 添加时间和版本信息

v2.9.5
 • 修复 webhook 无法删除任务的问题
 • runJS Promise 化

v2.9.4
 • rule 规则 301->307
 • 增加 bark 自定义服务器的功能

v2.8.8
 • 修复由 promise unhandledRejection 引发的服务重启问题

v2.8.7
 • efss 添加文件上传的功能

v2.8.1
 • 添加 bark/server酱 的通知方式
 • webhook 增加文件下载

v2.7.6
 • 添加适用于 arm 平台 Docker

v2.6.8
 • 增加限制 IP 访问 webUI 的功能
 • webhook 添加保存当前任务列表的接口

v2.6.6
 • rename js 自动保存
 • 修复 JS 测试运行自动保存文件的 bug

v2.5.7
 • efss 功能上线
 • webhook 添加保存当前任务列表的接口

v2.4.9
 • $exec 函数添加任务执行完成的标志
 • context 严重 bug fix

v2.4.8
 • utils/string 添加 sString, sJson, sUrl, sType 函数
 • $store.put 支持 type a(附加内容)

v2.4.5
 • webhook 接收运行 raw js code
 • webhook 添加新增定时任务的接口
 • $exec command 参数优化

v2.4.2
 • $store.get/put 增加 type 参数
 • webhook 添加保存当前任务列表的接口

v2.3.6
 • webUI JSMANAGE 优化 js 查看

v2.3.5
 • 定时任务支持使用 -e 添加变量

v2.3.3
 • 生成根证书时同时生成 P12 证书

v2.2.5
 • 引入 cheerio 模块

v2.2.0
 • 彻底移除 antd vue

v2.1.8
 • eAxios 添加代理设置
 • webUI log 插件

v2.1.6
 • config.js 独立

v2.1.0
 • 默认打开 store/cookie 设置
 • $HOLD 增加直接返回的选项
 • 添加 mock 模块

v2.0.8
 • webUI MITM 界面增加自签证书的功能

v2.0.7
 • CFILETER 列表增加 IP-CIDR 选项

v2.0.2
 • 增加远程 JS 的功能
 • RULES 添加 $HOLD 选项
 • 脚本网络请求优化

v1.9.3
 • dockerfile 添加 chmod

v1.9.0
 • 可上传本地 JS

v1.8.8
 • webhook 功能上线
 • MITM 新增全局设置
 • 可设置 webUI homepage 主页

v1.8.7
 • webser 文件分离

v1.8.6
 • // @require 增强优化

v1.8.5
 • webUI 页面增加显示脚本运行次数

v1.8.4
 • 各平台 exec 重启命令（reboot）统一化

v1.8.0
 • websocket 复用 webUI 端口

v1.7.6
 • minishell 上线

v1.6.8
 • 全局日志级别设置

v1.6.5
 • $store 增加 detete 函数
 • 脚本基本执行环境 class 化

v1.6.2
 • webUI 增加 logo
 • webUI 侧边栏收缩展开
 • websocket 心跳检测（发送状态）

v1.6.0
 • websocket 自动重连
 • FEED 通知合并增加 andor 选择

v1.5.6
 • 修改 feed 不更新的问题
 • webUI 显示内存使用情况

v1.5.0
 • webmodule 拆分
 • RULES 界面优化调整

v1.4.2
 • 自动启用 rootCA 目录下根证书
 • webUI 显示内存使用情况

v1.3.8
 • webUI 移动端显示优化

v1.3.x
 • websocket 上线及优化

v1.2.8
 • 添加 IFTTT 通知模块

v1.0.2
 • 公开发布